e:\vs projects\twl\debug\vc142.pdb
e:\vs projects\twl\debug\vc142.idb
e:\vs projects\twl\debug\twl.obj
e:\vs projects\twl\debug\textureholder.obj
e:\vs projects\twl\debug\engine.obj
e:\vs projects\twl\debug\update.obj
e:\vs projects\twl\debug\input.obj
e:\vs projects\twl\debug\main.obj
e:\vs projects\twl\debug\draw.obj
e:\vs projects\twl\debug\thomas.obj
e:\vs projects\twl\debug\playablecharacter.obj
e:\vs projects\twl\debug\bob.obj
e:\vs projects\twl\debug\loadlevel.obj
e:\vs projects\twl\debug\levelmanager.obj
e:\vs projects\twl\debug\detectcollisions.obj
e:\vs projects\twl\debug\soundmanager.obj
e:\vs projects\twl\debug\populateemitters.obj
e:\vs projects\twl\debug\particlesystem.obj
e:\vs projects\twl\debug\particle.obj
e:\vs projects\twl\debug\hud.obj
e:\vs projects\twl\debug\twl.exe
e:\vs projects\twl\debug\twl.ilk
e:\vs projects\twl\debug\twl.pdb
e:\vs projects\twl\debug\twl.tlog\cl.command.1.tlog
e:\vs projects\twl\debug\twl.tlog\cl.read.1.tlog
e:\vs projects\twl\debug\twl.tlog\cl.write.1.tlog
e:\vs projects\twl\debug\twl.tlog\link.command.1.tlog
e:\vs projects\twl\debug\twl.tlog\link.read.1.tlog
e:\vs projects\twl\debug\twl.tlog\link.write.1.tlog
